\BOOKMARK [0][]{chapter*.2}{Abbildungsverzeichnis}{}% 1
\BOOKMARK [0][]{chapter*.3}{Tabellenverzeichnis}{}% 2
\BOOKMARK [0][]{chapter*.4}{Verzeichnis der Listings}{}% 3
\BOOKMARK [0][]{chapter.1}{Versionierung}{}% 4
\BOOKMARK [0][]{chapter.2}{Aufw\344nde}{}% 5
\BOOKMARK [0][]{chapter.3}{Einleitung}{}% 6
\BOOKMARK [1][]{section.3.1}{Rahmenbedingungen}{chapter.3}% 7
\BOOKMARK [2][]{subsection.3.1.1}{Geplante Termine}{section.3.1}% 8
\BOOKMARK [2][]{subsection.3.1.2}{Administratives}{section.3.1}% 9
\BOOKMARK [2][]{subsection.3.1.3}{Abgabebedingungen}{section.3.1}% 10
\BOOKMARK [2][]{subsection.3.1.4}{Vortrag / Pr\344sentation}{section.3.1}% 11
\BOOKMARK [2][]{subsection.3.1.5}{Lernziele}{section.3.1}% 12
\BOOKMARK [2][]{subsection.3.1.6}{Lerninhalte}{section.3.1}% 13
\BOOKMARK [1][]{section.3.2}{Das Projekt}{chapter.3}% 14
\BOOKMARK [1][]{section.3.3}{Ausgangslage}{chapter.3}% 15
\BOOKMARK [0][]{chapter.4}{Anleitung zur Nutzung des Servers und des Clients}{}% 16
\BOOKMARK [1][]{section.4.1}{Starten des Server}{chapter.4}% 17
\BOOKMARK [1][]{section.4.2}{Starten des Clients}{chapter.4}% 18
\BOOKMARK [0][]{chapter.5}{Umsetzung des Projektes}{}% 19
\BOOKMARK [1][]{section.5.1}{Voraussetzungen}{chapter.5}% 20
\BOOKMARK [1][]{section.5.2}{Libraries}{chapter.5}% 21
\BOOKMARK [1][]{section.5.3}{Programmierumgebung}{chapter.5}% 22
\BOOKMARK [1][]{section.5.4}{LOG/DEBUG}{chapter.5}% 23
\BOOKMARK [1][]{section.5.5}{Speicherverwaltung \205 Buddy System}{chapter.5}% 24
\BOOKMARK [2][]{subsection.5.5.1}{Wie wird das komplette System gemanagt?}{section.5.5}% 25
\BOOKMARK [2][]{subsection.5.5.2}{Wie wird der optimale Block f\374r ein neues File im Shared Memory gefunden?}{section.5.5}% 26
\BOOKMARK [2][]{subsection.5.5.3}{Gibt es nur zu grosse Bl\366cke, wie werden die geteilt?}{section.5.5}% 27
\BOOKMARK [1][]{section.5.6}{Locks}{chapter.5}% 28
\BOOKMARK [1][]{section.5.7}{Files und deren Funktionen}{chapter.5}% 29
\BOOKMARK [0][]{chapter.6}{Fazit}{}% 30
\BOOKMARK [0][]{appendix.A}{Anhang}{}% 31
\BOOKMARK [1][]{section.A.1}{Screenshots zum Server}{appendix.A}% 32
\BOOKMARK [2][]{subsection.A.1.1}{Shared Memory vor dem Einf\374gen eines neuen Files}{section.A.1}% 33
\BOOKMARK [2][]{subsection.A.1.2}{Aufteilen des Shared Memory in der Funktion devide\(\)}{section.A.1}% 34
\BOOKMARK [2][]{subsection.A.1.3}{Shared Memory nach dem Einf\374gen eines neuen Files}{section.A.1}% 35
\BOOKMARK [1][]{section.A.2}{Programm-Code}{appendix.A}% 36
\BOOKMARK [2][]{subsection.A.2.1}{Server.c}{section.A.2}% 37
\BOOKMARK [2][]{subsection.A.2.2}{Client.c}{section.A.2}% 38
\BOOKMARK [0][]{appendix*.18}{Literaturverzeichnis}{}% 39
